2020-11-11 00:31:47,367 INFO [django.utils.autoreload] Watching for file changes with StatReloader
2020-11-11 00:31:47,367 INFO [django.utils.autoreload] Watching for file changes with StatReloader
2020-11-11 00:31:59,840 WARNING [django.server] "GET / HTTP/1.1" 404 2755
2020-11-11 00:31:59,840 WARNING [django.server] "GET / HTTP/1.1" 404 2755
2020-11-11 00:32:00,013 WARNING [django.server] "GET /favicon.ico HTTP/1.1" 404 2806
2020-11-11 00:32:00,013 WARNING [django.server] "GET /favicon.ico HTTP/1.1" 404 2806
2020-11-11 00:32:12,209 WARNING [django.server] "GET /api/token/ HTTP/1.1" 405 7652
2020-11-11 00:32:12,209 WARNING [django.server] "GET /api/token/ HTTP/1.1" 405 7652
2020-11-11 00:32:12,283 INFO [django.server] "GET /static/rest_framework/css/default.css HTTP/1.1" 200 1131
2020-11-11 00:32:12,284 INFO [django.server] "GET /static/rest_framework/css/prettify.css HTTP/1.1" 200 817
2020-11-11 00:32:12,283 INFO [django.server] "GET /static/rest_framework/css/default.css HTTP/1.1" 200 1131
2020-11-11 00:32:12,284 INFO [django.server] "GET /static/rest_framework/css/prettify.css HTTP/1.1" 200 817
2020-11-11 00:32:12,286 INFO [django.server] "GET /static/rest_framework/css/bootstrap-tweaks.css HTTP/1.1" 200 3385
2020-11-11 00:32:12,286 INFO [django.server] "GET /static/rest_framework/css/bootstrap-tweaks.css HTTP/1.1" 200 3385
2020-11-11 00:32:12,297 INFO [django.server] "GET /static/rest_framework/js/ajax-form.js HTTP/1.1" 200 3597
2020-11-11 00:32:12,297 INFO [django.server] "GET /static/rest_framework/js/ajax-form.js HTTP/1.1" 200 3597
2020-11-11 00:32:12,302 INFO [django.server] "GET /static/rest_framework/js/csrf.js HTTP/1.1" 200 1719
2020-11-11 00:32:12,302 INFO [django.server] "GET /static/rest_framework/js/csrf.js HTTP/1.1" 200 1719
2020-11-11 00:32:12,306 INFO [django.server] "GET /static/rest_framework/js/prettify-min.js HTTP/1.1" 200 13632
2020-11-11 00:32:12,306 INFO [django.server] "GET /static/rest_framework/js/prettify-min.js HTTP/1.1" 200 13632
2020-11-11 00:32:12,309 INFO [django.server] "GET /static/rest_framework/css/bootstrap.min.css HTTP/1.1" 200 121457
2020-11-11 00:32:12,309 INFO [django.server] "GET /static/rest_framework/js/default.js HTTP/1.1" 200 1268
2020-11-11 00:32:12,309 INFO [django.server] "GET /static/rest_framework/css/bootstrap.min.css HTTP/1.1" 200 121457
2020-11-11 00:32:12,309 INFO [django.server] "GET /static/rest_framework/js/jquery-3.3.1.min.js HTTP/1.1" 200 86927
2020-11-11 00:32:12,309 INFO [django.server] "GET /static/rest_framework/js/default.js HTTP/1.1" 200 1268
2020-11-11 00:32:12,312 INFO [django.server] "GET /static/rest_framework/js/bootstrap.min.js HTTP/1.1" 200 37608
2020-11-11 00:32:12,309 INFO [django.server] "GET /static/rest_framework/js/jquery-3.3.1.min.js HTTP/1.1" 200 86927
2020-11-11 00:32:12,312 INFO [django.server] "GET /static/rest_framework/js/bootstrap.min.js HTTP/1.1" 200 37608
2020-11-11 00:32:12,388 INFO [django.server] "GET /static/rest_framework/img/grid.png HTTP/1.1" 200 1458
2020-11-11 00:32:12,388 INFO [django.server] "GET /static/rest_framework/img/grid.png HTTP/1.1" 200 1458
2020-11-11 00:32:27,664 WARNING [django.server] "POST /api/token/ HTTP/1.1" 401 7592
2020-11-11 00:32:27,664 WARNING [django.server] "POST /api/token/ HTTP/1.1" 401 7592
2020-11-11 00:32:49,663 WARNING [django.server] "GET / HTTP/1.1" 404 2755
2020-11-11 00:32:49,663 WARNING [django.server] "GET / HTTP/1.1" 404 2755
2020-11-11 00:32:59,326 INFO [django.server] "GET /auth/ HTTP/1.1" 200 5309
2020-11-11 00:32:59,326 INFO [django.server] "GET /auth/ HTTP/1.1" 200 5309
2020-11-11 00:33:10,277 WARNING [django.server] "GET /auth/users/ HTTP/1.1" 401 10880
2020-11-11 00:33:10,277 WARNING [django.server] "GET /auth/users/ HTTP/1.1" 401 10880
2020-11-11 00:33:44,716 INFO [django.server] "POST /auth/users/ HTTP/1.1" 201 10927
2020-11-11 00:33:44,716 INFO [django.server] "POST /auth/users/ HTTP/1.1" 201 10927
2020-11-11 00:33:59,566 WARNING [django.server] "GET /api/token/ HTTP/1.1" 405 7652
2020-11-11 00:33:59,566 WARNING [django.server] "GET /api/token/ HTTP/1.1" 405 7652
2020-11-11 00:34:17,470 INFO [django.server] "POST /api/token/ HTTP/1.1" 200 8051
2020-11-11 00:34:17,470 INFO [django.server] "POST /api/token/ HTTP/1.1" 200 8051
2020-11-11 00:35:22,680 WARNING [django.server] "GET /api/token/refresh/ HTTP/1.1" 405 7463
2020-11-11 00:35:22,680 WARNING [django.server] "GET /api/token/refresh/ HTTP/1.1" 405 7463
2020-11-11 00:35:29,767 WARNING [django.server] "POST /api/token/refresh/ HTTP/1.1" 401 7458
2020-11-11 00:35:29,767 WARNING [django.server] "POST /api/token/refresh/ HTTP/1.1" 401 7458
2020-11-11 00:40:54,707 INFO [django.utils.autoreload] /home/jelimo/FEMA/eventsScheduler/settings.py changed, reloading.
2020-11-11 00:40:54,707 INFO [django.utils.autoreload] /home/jelimo/FEMA/eventsScheduler/settings.py changed, reloading.
2020-11-11 00:40:55,165 INFO [django.utils.autoreload] Watching for file changes with StatReloader
2020-11-11 00:40:55,165 INFO [django.utils.autoreload] Watching for file changes with StatReloader
2020-11-11 00:41:09,082 INFO [django.utils.autoreload] /home/jelimo/FEMA/eventsScheduler/settings.py changed, reloading.
2020-11-11 00:41:09,082 INFO [django.utils.autoreload] /home/jelimo/FEMA/eventsScheduler/settings.py changed, reloading.
2020-11-11 00:41:09,584 INFO [django.utils.autoreload] Watching for file changes with StatReloader
2020-11-11 00:41:09,584 INFO [django.utils.autoreload] Watching for file changes with StatReloader
2020-11-11 00:41:19,046 WARNING [django.server] "POST /api/token/refresh/ HTTP/1.1" 401 7458
2020-11-11 00:41:19,046 WARNING [django.server] "POST /api/token/refresh/ HTTP/1.1" 401 7458
2020-11-11 00:48:43,304 INFO [django.utils.autoreload] Watching for file changes with StatReloader
2020-11-11 00:48:43,304 INFO [django.utils.autoreload] Watching for file changes with StatReloader
2020-11-11 00:49:13,040 INFO [django.utils.autoreload] /home/jelimo/FEMA/eventsScheduler/urls.py changed, reloading.
2020-11-11 00:49:13,040 INFO [django.utils.autoreload] /home/jelimo/FEMA/eventsScheduler/urls.py changed, reloading.
2020-11-11 00:49:13,497 INFO [django.utils.autoreload] Watching for file changes with StatReloader
2020-11-11 00:49:13,497 INFO [django.utils.autoreload] Watching for file changes with StatReloader
2020-11-11 00:49:47,980 INFO [django.utils.autoreload] Watching for file changes with StatReloader
2020-11-11 00:49:47,980 INFO [django.utils.autoreload] Watching for file changes with StatReloader
2020-11-11 00:50:02,526 WARNING [django.server] "GET / HTTP/1.1" 404 2894
2020-11-11 00:50:02,526 WARNING [django.server] "GET / HTTP/1.1" 404 2894
2020-11-11 00:50:25,994 ERROR [django.request] Internal Server Error: /openapi/
Traceback (most recent call last):
  File "/home/jelimo/ENVIRONS/fema/lib/python3.8/site-packages/django/core/handlers/exception.py", line 34, in inner
    response = get_response(request)
  File "/home/jelimo/ENVIRONS/fema/lib/python3.8/site-packages/django/core/handlers/base.py", line 115, in _get_response
    response = self.process_exception_by_middleware(e, request)
  File "/home/jelimo/ENVIRONS/fema/lib/python3.8/site-packages/django/core/handlers/base.py", line 113, in _get_response
    response = wrapped_callback(request, *callback_args, **callback_kwargs)
  File "/home/jelimo/ENVIRONS/fema/lib/python3.8/site-packages/django/views/decorators/csrf.py", line 54, in wrapped_view
    return view_func(*args, **kwargs)
  File "/home/jelimo/ENVIRONS/fema/lib/python3.8/site-packages/django/views/generic/base.py", line 71, in view
    return self.dispatch(request, *args, **kwargs)
  File "/home/jelimo/ENVIRONS/fema/lib/python3.8/site-packages/rest_framework/views.py", line 495, in dispatch
    response = self.handle_exception(exc)
  File "/home/jelimo/ENVIRONS/fema/lib/python3.8/site-packages/rest_framework/schemas/views.py", line 41, in handle_exception
    return super(SchemaView, self).handle_exception(exc)
  File "/home/jelimo/ENVIRONS/fema/lib/python3.8/site-packages/rest_framework/views.py", line 455, in handle_exception
    self.raise_uncaught_exception(exc)
  File "/home/jelimo/ENVIRONS/fema/lib/python3.8/site-packages/rest_framework/views.py", line 466, in raise_uncaught_exception
    raise exc
  File "/home/jelimo/ENVIRONS/fema/lib/python3.8/site-packages/rest_framework/views.py", line 492, in dispatch
    response = handler(request, *args, **kwargs)
  File "/home/jelimo/ENVIRONS/fema/lib/python3.8/site-packages/rest_framework/schemas/views.py", line 30, in get
    schema = self.schema_generator.get_schema(request, self.public)
  File "/home/jelimo/ENVIRONS/fema/lib/python3.8/site-packages/rest_framework/schemas/generators.py", line 281, in get_schema
    links = self.get_links(None if public else request)
  File "/home/jelimo/ENVIRONS/fema/lib/python3.8/site-packages/rest_framework/schemas/generators.py", line 319, in get_links
    link = view.schema.get_link(path, method, base_url=self.url)
  File "/home/jelimo/ENVIRONS/fema/lib/python3.8/site-packages/rest_framework/schemas/inspectors.py", line 217, in get_link
    fields += self.get_serializer_fields(path, method)
  File "/home/jelimo/ENVIRONS/fema/lib/python3.8/site-packages/rest_framework/schemas/inspectors.py", line 338, in get_serializer_fields
    serializer = view.get_serializer()
  File "/home/jelimo/ENVIRONS/fema/lib/python3.8/site-packages/rest_framework/generics.py", line 110, in get_serializer
    serializer_class = self.get_serializer_class()
  File "/home/jelimo/ENVIRONS/fema/lib/python3.8/site-packages/rest_framework/generics.py", line 124, in get_serializer_class
    assert self.serializer_class is not None, (
AssertionError: 'UserProfileListCreateView' should either include a `serializer_class` attribute, or override the `get_serializer_class()` method.
2020-11-11 00:50:25,995 ERROR [django.server] "GET /openapi/ HTTP/1.1" 500 138870
2020-11-11 00:50:25,995 ERROR [django.server] "GET /openapi/ HTTP/1.1" 500 138870
2020-11-11 00:56:51,002 INFO [django.utils.autoreload] /home/jelimo/FEMA/eventsScheduler/settings.py changed, reloading.
2020-11-11 00:56:51,002 INFO [django.utils.autoreload] /home/jelimo/FEMA/eventsScheduler/settings.py changed, reloading.
2020-11-11 00:57:43,173 INFO [django.utils.autoreload] Watching for file changes with StatReloader
2020-11-11 00:57:43,173 INFO [django.utils.autoreload] Watching for file changes with StatReloader
2020-11-11 00:57:50,213 WARNING [django.server] "GET / HTTP/1.1" 404 2755
2020-11-11 00:57:50,213 WARNING [django.server] "GET / HTTP/1.1" 404 2755
2020-11-11 00:57:55,839 WARNING [django.server] "GET /api/token/ HTTP/1.1" 405 7652
2020-11-11 00:57:55,839 WARNING [django.server] "GET /api/token/ HTTP/1.1" 405 7652
2020-11-11 00:58:03,786 WARNING [django.server] "GET /api/token/refresh/ HTTP/1.1" 405 7463
2020-11-11 00:58:03,786 WARNING [django.server] "GET /api/token/refresh/ HTTP/1.1" 405 7463
2020-11-11 00:58:14,461 WARNING [django.server] "GET / HTTP/1.1" 404 2755
2020-11-11 00:58:14,461 WARNING [django.server] "GET / HTTP/1.1" 404 2755
2020-11-11 00:58:32,150 WARNING [django.server] "GET /auth/users/ HTTP/1.1" 401 10880
2020-11-11 00:58:32,150 WARNING [django.server] "GET /auth/users/ HTTP/1.1" 401 10880
2020-11-11 01:00:14,504 WARNING [django.server] "POST /auth/users/ HTTP/1.1" 400 11096
2020-11-11 01:00:14,504 WARNING [django.server] "POST /auth/users/ HTTP/1.1" 400 11096
2020-11-11 01:00:25,868 INFO [django.server] "POST /auth/users/ HTTP/1.1" 201 10962
2020-11-11 01:00:25,868 INFO [django.server] "POST /auth/users/ HTTP/1.1" 201 10962
2020-11-11 05:18:48,838 WARNING [django.server] "POST /auth/users/ HTTP/1.1" 400 10990
2020-11-11 05:18:48,838 WARNING [django.server] "POST /auth/users/ HTTP/1.1" 400 10990
2020-11-11 05:18:48,878 INFO [django.server] "GET /static/rest_framework/js/ajax-form.js HTTP/1.1" 304 0
2020-11-11 05:18:48,878 INFO [django.server] "GET /static/rest_framework/css/bootstrap-tweaks.css HTTP/1.1" 304 0
2020-11-11 05:18:48,879 INFO [django.server] "GET /static/rest_framework/css/default.css HTTP/1.1" 304 0
2020-11-11 05:18:48,879 INFO [django.server] "GET /static/rest_framework/js/jquery-3.3.1.min.js HTTP/1.1" 304 0
2020-11-11 05:18:48,878 INFO [django.server] "GET /static/rest_framework/js/ajax-form.js HTTP/1.1" 304 0
2020-11-11 05:18:48,879 INFO [django.server] "GET /static/rest_framework/css/prettify.css HTTP/1.1" 304 0
2020-11-11 05:18:48,878 INFO [django.server] "GET /static/rest_framework/css/bootstrap-tweaks.css HTTP/1.1" 304 0
2020-11-11 05:18:48,879 INFO [django.server] "GET /static/rest_framework/css/default.css HTTP/1.1" 304 0
2020-11-11 05:18:48,880 INFO [django.server] "GET /static/rest_framework/css/bootstrap.min.css HTTP/1.1" 304 0
2020-11-11 05:18:48,879 INFO [django.server] "GET /static/rest_framework/js/jquery-3.3.1.min.js HTTP/1.1" 304 0
2020-11-11 05:18:48,879 INFO [django.server] "GET /static/rest_framework/css/prettify.css HTTP/1.1" 304 0
2020-11-11 05:18:48,880 INFO [django.server] "GET /static/rest_framework/css/bootstrap.min.css HTTP/1.1" 304 0
2020-11-11 05:18:48,889 INFO [django.server] "GET /static/rest_framework/js/default.js HTTP/1.1" 304 0
2020-11-11 05:18:48,889 INFO [django.server] "GET /static/rest_framework/js/default.js HTTP/1.1" 304 0
2020-11-11 05:18:48,893 INFO [django.server] "GET /static/rest_framework/js/csrf.js HTTP/1.1" 304 0
2020-11-11 05:18:48,893 INFO [django.server] "GET /static/rest_framework/js/bootstrap.min.js HTTP/1.1" 304 0
2020-11-11 05:18:48,893 INFO [django.server] "GET /static/rest_framework/js/csrf.js HTTP/1.1" 304 0
2020-11-11 05:18:48,893 INFO [django.server] "GET /static/rest_framework/js/bootstrap.min.js HTTP/1.1" 304 0
2020-11-11 05:18:48,895 INFO [django.server] "GET /static/rest_framework/js/prettify-min.js HTTP/1.1" 304 0
2020-11-11 05:18:48,895 INFO [django.server] "GET /static/rest_framework/js/prettify-min.js HTTP/1.1" 304 0
2020-11-11 05:18:48,922 INFO [django.server] "GET /static/rest_framework/img/grid.png HTTP/1.1" 304 0
2020-11-11 05:18:48,922 INFO [django.server] "GET /static/rest_framework/img/grid.png HTTP/1.1" 304 0
2020-11-11 05:18:58,975 WARNING [django.server] "GET /auth/users/set_username/ HTTP/1.1" 401 5565
2020-11-11 05:18:58,975 WARNING [django.server] "GET /auth/users/set_username/ HTTP/1.1" 401 5565
2020-11-11 05:19:03,394 WARNING [django.server] "GET /auth/users/activation/ HTTP/1.1" 401 9312
2020-11-11 05:19:03,394 WARNING [django.server] "GET /auth/users/activation/ HTTP/1.1" 401 9312
2020-11-11 05:19:10,935 WARNING [django.server] "GET /auth/users/reset_password_confirm/ HTTP/1.1" 401 9743
2020-11-11 05:19:10,935 WARNING [django.server] "GET /auth/users/reset_password_confirm/ HTTP/1.1" 401 9743
2020-11-11 05:19:17,200 WARNING [django.server] "GET /auth/users/reset_username/ HTTP/1.1" 401 9089
2020-11-11 05:19:17,200 WARNING [django.server] "GET /auth/users/reset_username/ HTTP/1.1" 401 9089
2020-11-11 14:12:26,620 INFO [django.utils.autoreload] Watching for file changes with StatReloader
2020-11-11 14:12:26,620 INFO [django.utils.autoreload] Watching for file changes with StatReloader
2020-11-11 14:12:37,649 WARNING [django.server] "GET /api/token/ HTTP/1.1" 405 7652
2020-11-11 14:12:37,649 WARNING [django.server] "GET /api/token/ HTTP/1.1" 405 7652
2020-11-11 14:12:37,686 INFO [django.server] "GET /static/rest_framework/css/bootstrap.min.css HTTP/1.1" 304 0
2020-11-11 14:12:37,687 INFO [django.server] "GET /static/rest_framework/css/default.css HTTP/1.1" 304 0
2020-11-11 14:12:37,687 INFO [django.server] "GET /static/rest_framework/css/bootstrap-tweaks.css HTTP/1.1" 304 0
2020-11-11 14:12:37,687 INFO [django.server] "GET /static/rest_framework/css/prettify.css HTTP/1.1" 304 0
2020-11-11 14:12:37,686 INFO [django.server] "GET /static/rest_framework/css/bootstrap.min.css HTTP/1.1" 304 0
2020-11-11 14:12:37,687 INFO [django.server] "GET /static/rest_framework/css/default.css HTTP/1.1" 304 0
2020-11-11 14:12:37,687 INFO [django.server] "GET /static/rest_framework/js/jquery-3.3.1.min.js HTTP/1.1" 304 0
2020-11-11 14:12:37,688 INFO [django.server] "GET /static/rest_framework/js/ajax-form.js HTTP/1.1" 304 0
2020-11-11 14:12:37,687 INFO [django.server] "GET /static/rest_framework/css/bootstrap-tweaks.css HTTP/1.1" 304 0
2020-11-11 14:12:37,687 INFO [django.server] "GET /static/rest_framework/css/prettify.css HTTP/1.1" 304 0
2020-11-11 14:12:37,687 INFO [django.server] "GET /static/rest_framework/js/jquery-3.3.1.min.js HTTP/1.1" 304 0
2020-11-11 14:12:37,688 INFO [django.server] "GET /static/rest_framework/js/ajax-form.js HTTP/1.1" 304 0
2020-11-11 14:12:37,694 INFO [django.server] "GET /static/rest_framework/js/csrf.js HTTP/1.1" 304 0
2020-11-11 14:12:37,694 INFO [django.server] "GET /static/rest_framework/js/bootstrap.min.js HTTP/1.1" 304 0
2020-11-11 14:12:37,694 INFO [django.server] "GET /static/rest_framework/js/csrf.js HTTP/1.1" 304 0
2020-11-11 14:12:37,694 INFO [django.server] "GET /static/rest_framework/js/bootstrap.min.js HTTP/1.1" 304 0
2020-11-11 14:12:37,694 INFO [django.server] "GET /static/rest_framework/js/default.js HTTP/1.1" 304 0
2020-11-11 14:12:37,695 INFO [django.server] "GET /static/rest_framework/js/prettify-min.js HTTP/1.1" 304 0
2020-11-11 14:12:37,694 INFO [django.server] "GET /static/rest_framework/js/default.js HTTP/1.1" 304 0
2020-11-11 14:12:37,695 INFO [django.server] "GET /static/rest_framework/js/prettify-min.js HTTP/1.1" 304 0
2020-11-11 14:12:37,722 INFO [django.server] "GET /static/rest_framework/img/grid.png HTTP/1.1" 304 0
2020-11-11 14:12:37,722 INFO [django.server] "GET /static/rest_framework/img/grid.png HTTP/1.1" 304 0
2020-11-14 06:37:35,062 INFO [django.utils.autoreload] Watching for file changes with StatReloader
2020-11-14 06:37:35,062 INFO [django.utils.autoreload] Watching for file changes with StatReloader
2020-11-14 06:37:46,856 INFO [django.utils.autoreload] Watching for file changes with StatReloader
2020-11-14 06:37:46,856 INFO [django.utils.autoreload] Watching for file changes with StatReloader
2020-11-14 06:37:58,815 WARNING [django.server] "GET / HTTP/1.1" 404 2755
2020-11-14 06:37:58,815 WARNING [django.server] "GET / HTTP/1.1" 404 2755
2020-11-14 06:37:58,873 WARNING [django.server] "GET /favicon.ico HTTP/1.1" 404 2806
2020-11-14 06:37:58,873 WARNING [django.server] "GET /favicon.ico HTTP/1.1" 404 2806
2020-11-14 06:38:10,125 WARNING [django.server] "GET /api/token/ HTTP/1.1" 405 7652
2020-11-14 06:38:10,125 WARNING [django.server] "GET /api/token/ HTTP/1.1" 405 7652
2020-11-14 06:38:10,220 INFO [django.server] "GET /static/rest_framework/css/bootstrap-tweaks.css HTTP/1.1" 200 3385
2020-11-14 06:38:10,221 INFO [django.server] "GET /static/rest_framework/css/default.css HTTP/1.1" 200 1131
2020-11-14 06:38:10,222 INFO [django.server] "GET /static/rest_framework/css/prettify.css HTTP/1.1" 200 817
2020-11-14 06:38:10,220 INFO [django.server] "GET /static/rest_framework/css/bootstrap-tweaks.css HTTP/1.1" 200 3385
2020-11-14 06:38:10,221 INFO [django.server] "GET /static/rest_framework/css/default.css HTTP/1.1" 200 1131
2020-11-14 06:38:10,222 INFO [django.server] "GET /static/rest_framework/css/prettify.css HTTP/1.1" 200 817
2020-11-14 06:38:10,226 INFO [django.server] "GET /static/rest_framework/js/ajax-form.js HTTP/1.1" 200 3597
2020-11-14 06:38:10,229 INFO [django.server] "GET /static/rest_framework/css/bootstrap.min.css HTTP/1.1" 200 121457
2020-11-14 06:38:10,226 INFO [django.server] "GET /static/rest_framework/js/ajax-form.js HTTP/1.1" 200 3597
2020-11-14 06:38:10,229 INFO [django.server] "GET /static/rest_framework/css/bootstrap.min.css HTTP/1.1" 200 121457
2020-11-14 06:38:10,240 INFO [django.server] "GET /static/rest_framework/js/csrf.js HTTP/1.1" 200 1719
2020-11-14 06:38:10,240 INFO [django.server] "GET /static/rest_framework/js/csrf.js HTTP/1.1" 200 1719
2020-11-14 06:38:10,242 INFO [django.server] "GET /static/rest_framework/js/bootstrap.min.js HTTP/1.1" 200 37608
2020-11-14 06:38:10,243 INFO [django.server] "GET /static/rest_framework/js/jquery-3.3.1.min.js HTTP/1.1" 200 86927
2020-11-14 06:38:10,243 INFO [django.server] "GET /static/rest_framework/js/prettify-min.js HTTP/1.1" 200 13632
2020-11-14 06:38:10,242 INFO [django.server] "GET /static/rest_framework/js/bootstrap.min.js HTTP/1.1" 200 37608
2020-11-14 06:38:10,243 INFO [django.server] "GET /static/rest_framework/js/prettify-min.js HTTP/1.1" 200 13632
2020-11-14 06:38:10,244 INFO [django.server] "GET /static/rest_framework/js/default.js HTTP/1.1" 200 1268
2020-11-14 06:38:10,244 INFO [django.server] "GET /static/rest_framework/js/default.js HTTP/1.1" 200 1268
2020-11-14 06:38:10,243 INFO [django.server] "GET /static/rest_framework/js/jquery-3.3.1.min.js HTTP/1.1" 200 86927
2020-11-14 06:38:10,251 INFO [django.server] "GET /static/rest_framework/img/grid.png HTTP/1.1" 200 1458
2020-11-14 06:38:10,251 INFO [django.server] "GET /static/rest_framework/img/grid.png HTTP/1.1" 200 1458
2020-11-14 06:38:16,306 WARNING [django.server] "GET / HTTP/1.1" 404 2755
2020-11-14 06:38:16,306 WARNING [django.server] "GET / HTTP/1.1" 404 2755
2020-11-14 06:38:25,611 INFO [django.server] "GET /auth/ HTTP/1.1" 200 5309
2020-11-14 06:38:25,611 INFO [django.server] "GET /auth/ HTTP/1.1" 200 5309
2020-11-14 06:38:31,566 WARNING [django.server] "GET /auth/users/ HTTP/1.1" 401 10880
2020-11-14 06:38:31,566 WARNING [django.server] "GET /auth/users/ HTTP/1.1" 401 10880
2020-11-14 07:16:12,029 INFO [django.utils.autoreload] Watching for file changes with StatReloader
2020-11-14 07:16:12,029 INFO [django.utils.autoreload] Watching for file changes with StatReloader
2020-11-14 07:18:05,126 INFO [django.utils.autoreload] Watching for file changes with StatReloader
2020-11-14 07:18:05,126 INFO [django.utils.autoreload] Watching for file changes with StatReloader
